<?xml version="1.0" encoding="UTF-8"?>
<!-- Generated by org.testng.reporters.JUnitXMLReporter -->
<testsuite hostname="Amar" ignored="2" name="Test" tests="4" failures="2" timestamp="2021-10-20T16:35:02 IST" time="220.001" errors="0">
  <testcase name="createContact" time="40.176" classname="com.Vtiger.CreateContactTest">
    <failure type="java.lang.AssertionError" message="expected:&amp;lt;false&amp;gt; but was:&amp;lt;true&amp;gt;">
      <![CDATA[java.lang.AssertionError: expected:<false> but was:<true>
at org.junit.Assert.fail(Assert.java:93)
at org.junit.Assert.failNotEquals(Assert.java:647)
at org.junit.Assert.assertEquals(Assert.java:128)
at org.junit.Assert.assertEquals(Assert.java:147)
at com.Vtiger.CreateContactTest.createContact(CreateContactTest.java:33)
at java.util.ArrayList.forEach(ArrayList.java:1257)
... Removed 27 stack frames]]>
    </failure>
  </testcase> <!-- createContact -->
  <testcase name="createContactnew" time="30.901" classname="com.Vtiger.CreateContactTest"/>
  <testcase name="createOrg" time="30.772" classname="com.Vtiger.CreateOrgTest"/>
  <testcase name="createOrg_withDD" time="20.311" classname="com.Vtiger.CreateOrgTest">
    <failure type="java.lang.AssertionError" message="expected [true] but found [false]">
      <![CDATA[java.lang.AssertionError: expected [true] but found [false]
at com.Vtiger.CreateOrgTest.createOrg_withDD(CreateOrgTest.java:75)
at java.util.ArrayList.forEach(ArrayList.java:1257)
... Removed 33 stack frames]]>
    </failure>
  </testcase> <!-- createOrg_withDD -->
  <testcase name="@BeforeSuite setup_JDBC_Report" time="0.0" classname="com.genericutil.BaseClass">
    <ignored/>
  </testcase> <!-- @BeforeSuite setup_JDBC_Report -->
  <testcase name="@AfterSuite close_JDBC_Report" time="0.0" classname="com.genericutil.BaseClass">
    <ignored/>
  </testcase> <!-- @AfterSuite close_JDBC_Report -->
</testsuite> <!-- Test -->
